<?xml version="1.0" encoding="UTF-8"?>
<testsuite xmlns:xsi="http://www.w3.org/2001/XMLSchema-instance" xsi:noNamespaceSchemaLocation="https://maven.apache.org/surefire/maven-surefire-plugin/xsd/surefire-test-report.xsd" version="3.0.2" name="net.engineeringdigest.journalApp.JournalAppApplicationTests" time="10.616" tests="1" errors="0" skipped="0" failures="0">
  <properties>
[...]
</properties>
  <testcase name="contextLoads" classname="net.engineeringdigest.journalApp.JournalAppApplicationTests" time="1.606">
    <system-out><![CDATA[Standard Commons Logging discovery in action with spring-jcl: please remove commons-logging.jar from classpath in order to avoid potential conflicts
23:47:20.773 [main] INFO org.springframework.test.context.support.AnnotationConfigContextLoaderUtils -- Could not detect default configuration classes for test class [net.engineeringdigest.journalApp.JournalAppApplicationTests]: JournalAppApplicationTests does not declare any static, non-private, non-final, nested classes annotated with @Configuration.
23:47:21.100 [main] INFO org.springframework.boot.test.context.SpringBootTestContextBootstrapper -- Found @SpringBootConfiguration net.engineeringdigest.journalApp.JournalApplication for test class net.engineeringdigest.journalApp.JournalAppApplicationTests
23:47:21.478 [main] INFO org.springframework.boot.devtools.restart.RestartApplicationListener -- Restart disabled due to context in which it is running
2025-Mar-06 23:47:22.129 [main] &amp#27;[34mINFO&amp#27;[0;39m &amp#27;[33mn.e.j.JournalAppApplicationTests&amp#27;[0;39m - &amp#27;[32mStarting JournalAppApplicationTests using Java 22.0.1 with PID 5332 (started by mayan in C:\Users\mayan\OneDrive\Desktop\Git Repositories\Journal)&amp#27;[0;39m 
2025-Mar-06 23:47:22.149 [main] &amp#27;[34mINFO&amp#27;[0;39m &amp#27;[33mn.e.j.JournalAppApplicationTests&amp#27;[0;39m - &amp#27;[32mNo active profile set, falling back to 1 default profile: "default"&amp#27;[0;39m 
2025-Mar-06 23:47:23.511 [main] &amp#27;[34mINFO&amp#27;[0;39m &amp#27;[33mo.s.d.r.c.RepositoryConfigurationDelegate&amp#27;[0;39m - &amp#27;[32mBootstrapping Spring Data MongoDB repositories in DEFAULT mode.&amp#27;[0;39m 
2025-Mar-06 23:47:23.689 [main] &amp#27;[34mINFO&amp#27;[0;39m &amp#27;[33mo.s.d.r.c.RepositoryConfigurationDelegate&amp#27;[0;39m - &amp#27;[32mFinished Spring Data repository scanning in 165 ms. Found 2 MongoDB repository interfaces.&amp#27;[0;39m 
2025-Mar-06 23:47:25.069 [cluster-ClusterId{value='67c9e6b5c2f1e369458982a5', description='Cluster0'}-srv-cluster0.hhy1h.mongodb.net] &amp#27;[34mINFO&amp#27;[0;39m &amp#27;[33mo.m.d.cluster&amp#27;[0;39m - &amp#27;[32mAdding discovered server cluster0-shard-00-02.hhy1h.mongodb.net:27017 to client view of cluster&amp#27;[0;39m 
2025-Mar-06 23:47:25.104 [main] &amp#27;[34mINFO&amp#27;[0;39m &amp#27;[33mo.m.d.client&amp#27;[0;39m - &amp#27;[32mMongoClient with metadata {"application": {"name": "Cluster0"}, "driver": {"name": "mongo-java-driver|sync|spring-boot", "version": "5.2.1"}, "os": {"type": "Windows", "name": "Windows 11", "architecture": "amd64", "version": "10.0"}, "platform": "Java/Oracle Corporation/22.0.1+8-16"} created with settings MongoClientSettings{readPreference=primary, writeConcern=WriteConcern{w=majority, wTimeout=null ms, journal=null}, retryWrites=true, retryReads=true, readConcern=ReadConcern{level=null}, credential=MongoCredential{mechanism=null, userName='mayanksinghaldev', source='admin', password=<hidden>, mechanismProperties=<hidden>}, transportSettings=null, commandListeners=[], codecRegistry=ProvidersCodecRegistry{codecProviders=[ValueCodecProvider{}, BsonValueCodecProvider{}, DBRefCodecProvider{}, DBObjectCodecProvider{}, DocumentCodecProvider{}, CollectionCodecProvider{}, IterableCodecProvider{}, MapCodecProvider{}, GeoJsonCodecProvider{}, GridFSFileCodecProvider{}, Jsr310CodecProvider{}, JsonObjectCodecProvider{}, BsonCodecProvider{}, EnumCodecProvider{}, com.mongodb.client.model.mql.ExpressionCodecProvider@7fd99443, com.mongodb.Jep395RecordCodecProvider@622d7e4, com.mongodb.KotlinCodecProvider@6a3fbcb1]}, loggerSettings=LoggerSettings{maxDocumentLength=1000}, clusterSettings={hosts=[127.0.0.1:27017], srvHost=cluster0.hhy1h.mongodb.net, srvServiceName=mongodb, mode=MULTIPLE, requiredClusterType=REPLICA_SET, requiredReplicaSetName='atlas-strdkr-shard-0', serverSelector='null', clusterListeners='[]', serverSelectionTimeout='30000 ms', localThreshold='15 ms'}, socketSettings=SocketSettings{connectTimeoutMS=10000, readTimeoutMS=0, receiveBufferSize=0, proxySettings=ProxySettings{host=null, port=null, username=null, password=null}}, heartbeatSocketSettings=SocketSettings{connectTimeoutMS=10000, readTimeoutMS=10000, receiveBufferSize=0, proxySettings=ProxySettings{host=null, port=null, username=null, password=null}}, connectionPoolSettings=ConnectionPoolSettings{maxSize=100, minSize=0, maxWaitTimeMS=120000, maxConnectionLifeTimeMS=0, maxConnectionIdleTimeMS=0, maintenanceInitialDelayMS=0, maintenanceFrequencyMS=60000, connectionPoolListeners=[], maxConnecting=2}, serverSettings=ServerSettings{heartbeatFrequencyMS=10000, minHeartbeatFrequencyMS=500, serverMonitoringMode=AUTO, serverListeners='[]', serverMonitorListeners='[]'}, sslSettings=SslSettings{enabled=true, invalidHostNameAllowed=false, context=null}, applicationName='Cluster0', compressorList=[], uuidRepresentation=JAVA_LEGACY, serverApi=null, autoEncryptionSettings=null, dnsClient=null, inetAddressResolver=null, contextProvider=null, timeoutMS=null}&amp#27;[0;39m 
2025-Mar-06 23:47:25.181 [cluster-ClusterId{value='67c9e6b5c2f1e369458982a5', description='Cluster0'}-srv-cluster0.hhy1h.mongodb.net] &amp#27;[34mINFO&amp#27;[0;39m &amp#27;[33mo.m.d.cluster&amp#27;[0;39m - &amp#27;[32mAdding discovered server cluster0-shard-00-01.hhy1h.mongodb.net:27017 to client view of cluster&amp#27;[0;39m 
2025-Mar-06 23:47:25.193 [cluster-ClusterId{value='67c9e6b5c2f1e369458982a5', description='Cluster0'}-srv-cluster0.hhy1h.mongodb.net] &amp#27;[34mINFO&amp#27;[0;39m &amp#27;[33mo.m.d.cluster&amp#27;[0;39m - &amp#27;[32mAdding discovered server cluster0-shard-00-00.hhy1h.mongodb.net:27017 to client view of cluster&amp#27;[0;39m 
2025-Mar-06 23:47:26.613 [main] &amp#27;[34mINFO&amp#27;[0;39m &amp#27;[33mo.m.d.cluster&amp#27;[0;39m - &amp#27;[32mWaiting for server to become available for operation with ID 5. Remaining time: 29932 ms. Selector: WritableServerSelector, topology description: {type=REPLICA_SET, servers=[{address=cluster0-shard-00-02.hhy1h.mongodb.net:27017, type=UNKNOWN, state=CONNECTING}, {address=cluster0-shard-00-01.hhy1h.mongodb.net:27017, type=UNKNOWN, state=CONNECTING}, {address=cluster0-shard-00-00.hhy1h.mongodb.net:27017, type=UNKNOWN, state=CONNECTING}].&amp#27;[0;39m 
2025-Mar-06 23:47:26.873 [cluster-ClusterId{value='67c9e6b5c2f1e369458982a5', description='Cluster0'}-cluster0-shard-00-00.hhy1h.mongodb.net:27017] &amp#27;[34mINFO&amp#27;[0;39m &amp#27;[33mo.m.d.cluster&amp#27;[0;39m - &amp#27;[32mMonitor thread successfully connected to server with description ServerDescription{address=cluster0-shard-00-00.hhy1h.mongodb.net:27017, type=REPLICA_SET_SECONDARY, cryptd=false, state=CONNECTED, ok=true, minWireVersion=0, maxWireVersion=25, maxDocumentSize=16777216, logicalSessionTimeoutMinutes=30, roundTripTimeNanos=922017400, minRoundTripTimeNanos=0, setName='atlas-strdkr-shard-0', canonicalAddress=cluster0-shard-00-00.hhy1h.mongodb.net:27017, hosts=[cluster0-shard-00-01.hhy1h.mongodb.net:27017, cluster0-shard-00-02.hhy1h.mongodb.net:27017, cluster0-shard-00-00.hhy1h.mongodb.net:27017], passives=[], arbiters=[], primary='cluster0-shard-00-02.hhy1h.mongodb.net:27017', tagSet=TagSet{[Tag{name='availabilityZone', value='aps1-az1'}, Tag{name='diskState', value='READY'}, Tag{name='nodeType', value='ELECTABLE'}, Tag{name='provider', value='AWS'}, Tag{name='region', value='AP_SOUTH_1'}, Tag{name='workloadType', value='OPERATIONAL'}]}, electionId=null, setVersion=200, topologyVersion=TopologyVersion{processId=67c73245fc41d6acbee1b79c, counter=4}, lastWriteDate=Thu Mar 06 23:47:26 IST 2025, lastUpdateTimeNanos=75511643522800}&amp#27;[0;39m 
2025-Mar-06 23:47:26.873 [cluster-ClusterId{value='67c9e6b5c2f1e369458982a5', description='Cluster0'}-cluster0-shard-00-02.hhy1h.mongodb.net:27017] &amp#27;[34mINFO&amp#27;[0;39m &amp#27;[33mo.m.d.cluster&amp#27;[0;39m - &amp#27;[32mMonitor thread successfully connected to server with description ServerDescription{address=cluster0-shard-00-02.hhy1h.mongodb.net:27017, type=REPLICA_SET_PRIMARY, cryptd=false, state=CONNECTED, ok=true, minWireVersion=0, maxWireVersion=25, maxDocumentSize=16777216, logicalSessionTimeoutMinutes=30, roundTripTimeNanos=922019900, minRoundTripTimeNanos=0, setName='atlas-strdkr-shard-0', canonicalAddress=cluster0-shard-00-02.hhy1h.mongodb.net:27017, hosts=[cluster0-shard-00-01.hhy1h.mongodb.net:27017, cluster0-shard-00-02.hhy1h.mongodb.net:27017, cluster0-shard-00-00.hhy1h.mongodb.net:27017], passives=[], arbiters=[], primary='cluster0-shard-00-02.hhy1h.mongodb.net:27017', tagSet=TagSet{[Tag{name='availabilityZone', value='aps1-az2'}, Tag{name='diskState', value='READY'}, Tag{name='nodeType', value='ELECTABLE'}, Tag{name='provider', value='AWS'}, Tag{name='region', value='AP_SOUTH_1'}, Tag{name='workloadType', value='OPERATIONAL'}]}, electionId=7fffffff00000000000000b8, setVersion=200, topologyVersion=TopologyVersion{processId=67c7328229e68b898c9adc23, counter=6}, lastWriteDate=Thu Mar 06 23:47:26 IST 2025, lastUpdateTimeNanos=75511643522900}&amp#27;[0;39m 
2025-Mar-06 23:47:26.874 [cluster-ClusterId{value='67c9e6b5c2f1e369458982a5', description='Cluster0'}-cluster0-shard-00-01.hhy1h.mongodb.net:27017] &amp#27;[34mINFO&amp#27;[0;39m &amp#27;[33mo.m.d.cluster&amp#27;[0;39m - &amp#27;[32mMonitor thread successfully connected to server with description ServerDescription{address=cluster0-shard-00-01.hhy1h.mongodb.net:27017, type=REPLICA_SET_SECONDARY, cryptd=false, state=CONNECTED, ok=true, minWireVersion=0, maxWireVersion=25, maxDocumentSize=16777216, logicalSessionTimeoutMinutes=30, roundTripTimeNanos=920973000, minRoundTripTimeNanos=0, setName='atlas-strdkr-shard-0', canonicalAddress=cluster0-shard-00-01.hhy1h.mongodb.net:27017, hosts=[cluster0-shard-00-01.hhy1h.mongodb.net:27017, cluster0-shard-00-02.hhy1h.mongodb.net:27017, cluster0-shard-00-00.hhy1h.mongodb.net:27017], passives=[], arbiters=[], primary='cluster0-shard-00-02.hhy1h.mongodb.net:27017', tagSet=TagSet{[Tag{name='availabilityZone', value='aps1-az3'}, Tag{name='diskState', value='READY'}, Tag{name='nodeType', value='ELECTABLE'}, Tag{name='provider', value='AWS'}, Tag{name='region', value='AP_SOUTH_1'}, Tag{name='workloadType', value='OPERATIONAL'}]}, electionId=null, setVersion=200, topologyVersion=TopologyVersion{processId=67c732bf0e7d56ea449ae5c2, counter=3}, lastWriteDate=Thu Mar 06 23:47:26 IST 2025, lastUpdateTimeNanos=75511643522900}&amp#27;[0;39m 
2025-Mar-06 23:47:26.879 [cluster-ClusterId{value='67c9e6b5c2f1e369458982a5', description='Cluster0'}-cluster0-shard-00-02.hhy1h.mongodb.net:27017] &amp#27;[34mINFO&amp#27;[0;39m &amp#27;[33mo.m.d.cluster&amp#27;[0;39m - &amp#27;[32mDiscovered replica set primary cluster0-shard-00-02.hhy1h.mongodb.net:27017 with max election id 7fffffff00000000000000b8 and max set version 200&amp#27;[0;39m 
2025-Mar-06 23:47:29.149 [main] &amp#27;[34mINFO&amp#27;[0;39m &amp#27;[33mn.e.j.JournalAppApplicationTests&amp#27;[0;39m - &amp#27;[32mStarted JournalAppApplicationTests in 7.696 seconds (process running for 9.905)&amp#27;[0;39m 
]]></system-out>
    <system-err><![CDATA[Mockito is currently self-attaching to enable the inline-mock-maker. This will no longer work in future releases of the JDK. Please add Mockito as an agent to your build what is described in Mockito's documentation: https://javadoc.io/doc/org.mockito/mockito-core/latest/org/mockito/Mockito.html#0.3
WARNING: A Java agent has been loaded dynamically (C:\Users\mayan\.m2\repository\net\bytebuddy\byte-buddy-agent\1.15.11\byte-buddy-agent-1.15.11.jar)
WARNING: If a serviceability tool is in use, please run with -XX:+EnableDynamicAgentLoading to hide this warning
WARNING: If a serviceability tool is not in use, please run with -Djdk.instrument.traceUsage for more information
WARNING: Dynamic loading of agents will be disallowed by default in a future release
]]></system-err>
  </testcase>
</testsuite>